#0 building with "default" instance using docker driver

#1 [internal] load build definition from Dockerfile
#1 transferring dockerfile: 1.63kB done
#1 DONE 0.0s

#2 [internal] load metadata for docker.io/library/swift:6.0-noble
#2 DONE 0.7s

#3 [internal] load metadata for docker.io/library/ubuntu:24.04
#3 DONE 0.7s

#4 [internal] load .dockerignore
#4 transferring context: 195B done
#4 DONE 0.0s

#5 [runtime 1/5] FROM docker.io/library/ubuntu:24.04@sha256:d1e2e92c075e5ca139d51a140fff46f84315c0fdce203eab2807c7e495eff4f9
#5 resolve docker.io/library/ubuntu:24.04@sha256:d1e2e92c075e5ca139d51a140fff46f84315c0fdce203eab2807c7e495eff4f9 done
#5 DONE 0.0s

#6 [resolve 1/4] FROM docker.io/library/swift:6.0-noble@sha256:c3b5f3ac34596958831b988f4a134fb875edba5583fe1995834dfc3d6cecf567
#6 resolve docker.io/library/swift:6.0-noble@sha256:c3b5f3ac34596958831b988f4a134fb875edba5583fe1995834dfc3d6cecf567 done
#6 DONE 0.0s

#7 [internal] load build context
#7 transferring context: 15.60kB done
#7 DONE 0.0s

#8 [build 3/7] COPY --from=resolve /app/.build /app/.build
#8 CACHED

#9 [resolve 4/4] RUN swift package resolve
#9 CACHED

#10 [resolve 2/4] WORKDIR /app
#10 CACHED

#11 [resolve 3/4] COPY Package.swift Package.resolved* ./
#11 CACHED

#12 [build 4/7] COPY --from=resolve /app/Package.resolved /app/Package.resolved
#12 CACHED

#13 [build 5/7] COPY Package.swift ./
#13 CACHED

#14 [build 6/7] COPY Sources/ Sources/
#14 DONE 0.0s

#15 [build 7/7] RUN swift build -c release     --static-swift-stdlib     -Xlinker -lstdc++
#15 8.657 Building for production...
#15 8.749 [0/860] Compiling CAsyncHTTPClient CAsyncHTTPClient.c
#15 8.845 [1/860] Compiling aes.cc
#15 8.847 [2/860] Write sources
#15 8.851 [3/860] Compiling mldsa.cc
#15 8.851 [4/860] Write sources
#15 8.865 [11/860] Compiling a_dup.cc
#15 8.866 [11/860] Write sources
#15 8.866 [28/860] Compiling _NumericsShims _NumericsShims.c
#15 8.866 [28/860] Write sources
#15 8.869 [57/860] Copying PrivacyInfo.xcprivacy
#15 8.869 [57/860] Write sources
#15 8.878 [67/860] Compiling _AtomicsShims.c
#15 8.889 [68/860] Compiling a_d2i_fp.cc
#15 8.899 [69/860] Compiling a_bool.cc
#15 8.912 [70/860] Compiling CNIOWindows WSAStartup.c
#15 8.916 [71/860] Compiling CNIOWindows shim.c
#15 8.921 [72/860] Compiling CSystem shims.c
#15 8.939 [73/860] Compiling CNIOPosix event_loop_id.c
#15 8.943 [74/860] Compiling CNIOWASI CNIOWASI.c
#15 8.947 [75/860] Compiling CVaporBcrypt bcrypt.c
#15 8.957 [76/860] Compiling CNIOOpenBSD shim.c
#15 8.962 [77/860] Write swift-version-24593BA9C3E375BF.txt
#15 8.966 [78/860] Compiling CNIOLinux liburing_shims.c
#15 9.000 [79/860] Compiling CNIOLLHTTP c_nio_http.c
#15 9.013 [80/860] Compiling e_aesgcmsiv.cc
#15 9.013 [81/860] Compiling CVaporBcrypt blf.c
#15 9.014 [82/860] Compiling CNIOLinux shim.c
#15 9.020 [83/860] Compiling CNIOSHA1 c_nio_sha1.c
#15 9.067 [84/860] Compiling a_bitstr.cc
#15 9.467 [86/867] Compiling ServiceContextModule ServiceContext.swift
#15 9.631 [87/868] Compiling _NIOBase64 Base64.swift
#15 9.695 [87/868] Compiling CNIOLLHTTP c_nio_llhttp.c
#15 9.832 [89/868] Compiling _CertificateInternals _TinyArray.swift
#15 9.885 [90/869] Compiling RealModule AlgebraicField.swift
#15 10.17 [91/872] Compiling Instrumentation Instrument.swift
#15 10.17 [92/872] Compiling _NIODataStructures Heap.swift
#15 10.52 [93/874] Compiling ConcurrencyHelpers Lock.swift
#15 11.12 [94/875] Compiling InternalCollectionsUtilities FixedWidthInteger+roundUpToPowerOfTwo.swift
#15 11.23 [94/875] Compiling CNIOLLHTTP c_nio_api.c
#15 11.45 [96/875] Compiling UnixSignals UnixSignal.swift
#15 11.46 [97/876] Compiling CoreMetrics Locks.swift
#15 11.60 [98/877] Compiling Tracing InstrumentationSystem+Tracing.swift
#15 11.69 [99/878] Compiling Logging Locks.swift
#15 12.14 [100/880] Compiling Metrics Metrics.swift
#15 12.34 [101/880] Compiling HeapModule Heap+Descriptions.swift
#15 12.82 [102/882] Compiling SystemPackage Errno.swift
#15 12.85 [102/882] Compiling CNIOExtrasZlib empty.c
#15 12.86 [103/882] Compiling CNIODarwin shim.c
#15 13.00 [104/882] Compiling CNIOBoringSSLShims shims.c
#15 13.06 [105/882] Compiling fiat_p256_adx_sqr.S
#15 13.13 [106/882] Compiling fiat_p256_adx_mul.S
#15 13.22 [107/882] Compiling fiat_curve25519_adx_square.S
#15 13.30 [108/882] Compiling fiat_curve25519_adx_mul.S
#15 13.59 [110/882] Compiling RoutingKit AnyRouter.swift
#15 13.83 [111/882] Compiling DequeModule Deque+Codable.swift
#15 13.97 [111/882] Compiling tls_record.cc
#15 14.22 [112/882] Compiling tls_method.cc
#15 14.96 [113/882] Compiling tls13_server.cc
#15 14.97 [114/882] Compiling tls13_enc.cc
#15 15.07 [116/882] Compiling OrderedCollections _HashTable+Bucket.swift
#15 15.37 [116/882] Compiling tls13_client.cc
#15 15.72 [117/882] Compiling t1_enc.cc
#15 15.78 [118/882] Compiling tls13_both.cc
#15 16.13 [119/882] Compiling ssl_versions.cc
#15 16.25 [120/882] Compiling ssl_x509.cc
#15 16.73 [121/882] Compiling ssl_transcript.cc
#15 16.84 [122/882] Compiling ssl_stat.cc
#15 17.27 [123/882] Compiling ssl_session.cc
#15 17.36 [124/882] Compiling ssl_privkey.cc
#15 17.59 [125/882] Compiling ssl_key_share.cc
#15 17.67 [127/882] Compiling SwiftASN1 ASN1.swift
#15 18.00 [128/882] Compiling HashTreeCollections _AncestorHashSlots.swift
#15 18.12 [128/882] Compiling ssl_file.cc
#15 18.20 [129/882] Compiling ssl_credential.cc
#15 18.36 [130/882] Compiling ssl_lib.cc
#15 18.52 [131/882] Compiling ssl_cipher.cc
#15 18.55 [132/882] Compiling ssl_cert.cc
#15 18.56 [133/882] Compiling ssl_buffer.cc
#15 18.78 [134/882] Compiling ssl_asn1.cc
#15 18.83 [135/882] Compiling ssl_aead_ctx.cc
#15 18.95 [136/882] Compiling s3_pkt.cc
#15 19.10 [137/882] Compiling s3_lib.cc
#15 19.26 [138/882] Compiling s3_both.cc
#15 19.62 [139/882] Compiling handshake.cc
#15 19.65 [140/882] Compiling handshake_server.cc
#15 19.74 [141/882] Compiling handoff.cc
#15 19.77 [142/882] Compiling handshake_client.cc
#15 20.06 [143/882] Compiling encrypted_client_hello.cc
#15 20.26 [144/882] Compiling dtls_method.cc
#15 20.30 [145/882] Compiling d1_srtp.cc
#15 20.33 [146/882] Compiling extensions.cc
#15 20.35 [147/882] Compiling dtls_record.cc
#15 20.36 [148/882] Compiling d1_pkt.cc
#15 20.37 [149/882] Compiling md5-x86_64-linux.S
#15 20.39 [150/882] Compiling md5-586-linux.S
#15 20.39 [150/882] Compiling md5-x86_64-apple.S
#15 20.40 [152/882] Compiling md5-586-apple.S
#15 20.45 [153/882] Compiling chacha20_poly1305_x86_64-linux.S
#15 20.45 [153/882] Compiling chacha20_poly1305_x86_64-apple.S
#15 20.48 [155/882] Compiling chacha20_poly1305_armv8-win.S
#15 20.48 [155/882] Compiling chacha20_poly1305_armv8-linux.S
#15 20.52 [157/882] Compiling chacha20_poly1305_armv8-apple.S
#15 20.53 [158/882] Compiling chacha-x86_64-linux.S
#15 20.55 [159/882] Compiling err_data.cc
#15 20.56 [160/882] Compiling chacha-x86_64-apple.S
#15 20.57 [161/882] Compiling chacha-x86-linux.S
#15 20.59 [162/882] Compiling chacha-x86-apple.S
#15 20.59 [162/882] Compiling chacha-armv8-win.S
#15 20.60 [164/882] Compiling chacha-armv8-linux.S
#15 20.63 [165/882] Compiling chacha-armv8-apple.S
#15 20.64 [166/882] Compiling bio_ssl.cc
#15 20.64 [167/882] Compiling chacha-armv4-linux.S
#15 20.66 [168/882] Compiling aes128gcmsiv-x86_64-linux.S
#15 20.66 [169/882] Compiling aes128gcmsiv-x86_64-apple.S
#15 20.68 [170/882] Compiling x86_64-mont5-linux.S
#15 20.68 [171/882] Compiling x86_64-mont5-apple.S
#15 20.69 [172/882] Compiling x86_64-mont-linux.S
#15 20.70 [173/882] Compiling x86_64-mont-apple.S
#15 20.72 [174/882] Compiling x86-mont-apple.S
#15 20.72 [174/882] Compiling x86-mont-linux.S
#15 20.74 [176/882] Compiling d1_lib.cc
#15 20.74 [177/882] Compiling vpaes-x86_64-linux.S
#15 20.74 [178/882] Compiling vpaes-x86_64-apple.S
#15 20.76 [179/882] Compiling vpaes-x86-linux.S
#15 20.76 [180/882] Compiling vpaes-x86-apple.S
#15 20.77 [181/882] Compiling vpaes-armv8-linux.S
#15 20.77 [182/882] Compiling vpaes-armv8-win.S
#15 20.77 [183/882] Compiling vpaes-armv8-apple.S
#15 20.79 [184/882] Compiling vpaes-armv7-linux.S
#15 20.80 [185/882] Compiling sha512-x86_64-apple.S
#15 20.80 [186/882] Compiling sha512-armv8-win.S
#15 20.82 [187/882] Compiling sha512-armv8-linux.S
#15 20.82 [188/882] Compiling sha512-x86_64-linux.S
#15 20.83 [189/882] Compiling sha512-armv8-apple.S
#15 20.84 [190/882] Compiling sha512-586-linux.S
#15 20.84 [190/882] Compiling sha512-armv4-linux.S
#15 20.85 [192/882] Compiling sha512-586-apple.S
#15 20.86 [193/882] Compiling sha256-x86_64-linux.S
#15 20.86 [194/882] Compiling sha256-x86_64-apple.S
#15 20.87 [195/882] Compiling sha256-armv8-win.S
#15 20.88 [196/882] Compiling sha256-armv8-linux.S
#15 20.89 [197/882] Compiling sha256-armv4-linux.S
#15 20.89 [198/882] Compiling sha256-armv8-apple.S
#15 20.89 [198/882] Compiling sha256-586-linux.S
#15 20.92 [200/882] Compiling sha256-586-apple.S
#15 20.93 [201/882] Compiling sha1-armv8-linux.S
#15 20.94 [202/882] Compiling sha1-x86_64-apple.S
#15 20.94 [203/882] Compiling sha1-armv8-win.S
#15 20.94 [204/882] Compiling sha1-x86_64-linux.S
#15 20.95 [205/882] Compiling sha1-armv8-apple.S
#15 20.97 [206/882] Compiling sha1-armv4-large-linux.S
#15 20.97 [207/882] Compiling sha1-586-linux.S
#15 20.97 [207/882] Compiling sha1-586-apple.S
#15 20.98 [209/882] Compiling rsaz-avx2-linux.S
#15 20.99 [210/882] Compiling rsaz-avx2-apple.S
#15 21.01 [211/882] Compiling rdrand-x86_64-linux.S
#15 21.01 [212/882] Compiling rdrand-x86_64-apple.S
#15 21.01 [213/882] Compiling p256_beeu-x86_64-asm-linux.S
#15 21.02 [214/882] Compiling p256_beeu-x86_64-asm-apple.S
#15 21.03 [215/882] Compiling p256_beeu-armv8-asm-win.S
#15 21.05 [216/882] Compiling p256_beeu-armv8-asm-linux.S
#15 21.05 [217/882] Compiling p256_beeu-armv8-asm-apple.S
#15 21.06 [218/882] Compiling p256-x86_64-asm-linux.S
#15 21.07 [219/882] Compiling p256-x86_64-asm-apple.S
#15 21.09 [220/882] Compiling p256-armv8-asm-win.S
#15 21.09 [221/882] Compiling p256-armv8-asm-linux.S
#15 21.09 [222/882] Compiling ghashv8-armv8-linux.S
#15 21.11 [223/882] Compiling ghashv8-armv8-win.S
#15 21.12 [224/882] Compiling p256-armv8-asm-apple.S
#15 21.14 [225/882] Compiling ghashv8-armv8-apple.S
#15 21.15 [226/882] Compiling ghash-x86_64-linux.S
#15 21.15 [226/882] Compiling ghash-x86_64-apple.S
#15 21.15 [228/882] Compiling ghashv8-armv7-linux.S
#15 21.16 [229/882] Compiling ghash-x86-linux.S
#15 21.17 [230/882] Compiling ghash-x86-apple.S
#15 21.17 [231/882] Compiling ghash-ssse3-x86_64-linux.S
#15 21.18 [232/882] Compiling ghash-ssse3-x86_64-apple.S
#15 21.18 [233/882] Compiling ghash-ssse3-x86-linux.S
#15 21.20 [234/882] Compiling ghash-ssse3-x86-apple.S
#15 21.22 [235/882] Compiling ghash-neon-armv8-win.S
#15 21.22 [236/882] Compiling ghash-neon-armv8-linux.S
#15 21.22 [237/882] Compiling ghash-neon-armv8-apple.S
#15 21.23 [238/882] Compiling ghash-armv4-linux.S
#15 21.25 [239/882] Compiling co-586-linux.S
#15 21.25 [239/882] Compiling d1_both.cc
#15 21.25 [241/882] Compiling bsaes-armv7-linux.S
#15 21.26 [242/882] Compiling bn-armv8-win.S
#15 21.26 [243/882] Compiling co-586-apple.S
#15 21.26 [244/882] Compiling bn-armv8-linux.S
#15 21.28 [245/882] Compiling bn-armv8-apple.S
#15 21.28 [246/882] Compiling bn-586-apple.S
#15 21.28 [247/882] Compiling bn-586-linux.S
#15 21.29 [248/882] Compiling armv8-mont-linux.S
#15 21.29 [248/882] Compiling armv8-mont-win.S
#15 21.30 [250/882] Compiling armv8-mont-apple.S
#15 21.31 [251/882] Compiling aesv8-gcm-armv8-win.S
#15 21.32 [252/882] Compiling armv4-mont-linux.S
#15 21.32 [253/882] Compiling aesv8-gcm-armv8-apple.S
#15 21.33 [254/882] Compiling aesv8-gcm-armv8-linux.S
#15 21.34 [255/882] Compiling aesv8-armv8-win.S
#15 21.35 [256/882] Compiling aesv8-armv7-linux.S
#15 21.36 [257/882] Compiling aesv8-armv8-apple.S
#15 21.36 [258/882] Compiling aesv8-armv8-linux.S
#15 21.36 [259/882] Compiling aesni-x86_64-apple.S
#15 21.37 [260/882] Compiling aesni-x86_64-linux.S
#15 21.38 [261/882] Compiling aesni-x86-linux.S
#15 21.42 [262/882] Compiling aesni-x86-apple.S
#15 21.42 [263/882] Compiling aes-gcm-avx10-x86_64-linux.S
#15 21.43 [264/882] Compiling aes-gcm-avx2-x86_64-apple.S
#15 21.44 [265/882] Compiling aesni-gcm-x86_64-linux.S
#15 21.44 [266/882] Compiling aesni-gcm-x86_64-apple.S
#15 21.45 [267/882] Compiling aes-gcm-avx2-x86_64-linux.S
#15 21.48 [268/882] Compiling aes-gcm-avx10-x86_64-apple.S
#15 21.79 [269/882] Compiling x_spki.cc
#15 21.86 [270/882] Compiling x_x509a.cc
#15 21.89 [271/882] Compiling x_req.cc
#15 21.90 [272/882] Compiling x_val.cc
#15 22.13 [273/882] Compiling x_x509.cc
#15 22.16 [274/882] Compiling x_pubkey.cc
#15 22.19 [275/882] Compiling x_sig.cc
#15 22.39 [276/882] Compiling x_name.cc
#15 22.52 [277/882] Compiling x_crl.cc
#15 22.59 [278/882] Compiling x_exten.cc
#15 22.63 [279/882] Compiling x_all.cc
#15 22.74 [280/882] Compiling x_attrib.cc
#15 22.85 [281/882] Compiling x_algor.cc
#15 22.97 [282/882] Compiling x509cset.cc
#15 22.98 [283/882] Compiling x509spki.cc
#15 23.12 [284/882] Compiling x509rset.cc
#15 23.27 [285/882] Compiling x509name.cc
#15 23.30 [286/882] Compiling x509_txt.cc
#15 23.45 [287/882] Compiling x509_v3.cc
#15 23.45 [288/882] Compiling x509_vpm.cc
#15 23.53 [289/882] Compiling x509_trs.cc
#15 23.59 [290/882] Compiling x509_set.cc
#15 23.59 [291/882] Compiling x509_vfy.cc
#15 23.63 [292/882] Compiling x509_req.cc
#15 23.77 [293/882] Compiling x509_obj.cc
#15 23.85 [294/882] Compiling x509_ext.cc
#15 23.85 [295/882] Compiling x509_lu.cc
#15 23.86 [296/882] Compiling x509_def.cc
#15 23.88 [297/882] Compiling x509_d2.cc
#15 23.95 [299/882] Compiling _RopeModule BigString+Builder.swift
#15 23.96 [299/882] Compiling x509_cmp.cc
#15 24.08 [300/882] Compiling x509_att.cc
#15 24.12 [301/882] Compiling x509.cc
#15 24.14 [302/882] Compiling v3_skey.cc
#15 24.23 [303/882] Compiling v3_prn.cc
#15 24.24 [304/882] Compiling v3_purp.cc
#15 24.28 [305/882] Compiling v3_pmaps.cc
#15 24.35 [306/882] Compiling v3_utl.cc
#15 24.37 [307/882] Compiling v3_pcons.cc
#15 24.39 [308/882] Compiling v3_ocsp.cc
#15 24.47 [309/882] Compiling v3_ncons.cc
#15 24.52 [310/882] Compiling v3_int.cc
#15 24.55 [311/882] Compiling v3_lib.cc
#15 24.60 [312/882] Compiling v3_info.cc
#15 24.67 [313/882] Compiling v3_ia5.cc
#15 24.68 [314/882] Compiling v3_genn.cc
#15 24.70 [315/882] Compiling v3_extku.cc
#15 24.76 [316/882] Compiling v3_enum.cc
#15 24.87 [317/882] Compiling v3_cpols.cc
#15 24.87 [317/882] Compiling v3_crld.cc
#15 24.96 [319/882] Compiling v3_conf.cc
#15 24.98 [320/882] Compiling v3_bitst.cc
#15 24.98 [321/882] Compiling v3_bcons.cc
#15 25.05 [322/882] Compiling v3_alt.cc
#15 25.07 [323/882] Compiling v3_akeya.cc
#15 25.17 [324/882] Compiling t_x509a.cc
#15 25.19 [325/882] Compiling v3_akey.cc
#15 25.26 [326/882] Compiling t_crl.cc
#15 25.32 [327/882] Compiling t_req.cc
#15 25.33 [328/882] Compiling t_x509.cc
#15 25.38 [329/882] Compiling i2d_pr.cc
#15 25.39 [330/882] Compiling rsa_pss.cc
#15 25.46 [331/882] Compiling name_print.cc
#15 25.54 [332/882] Compiling policy.cc
#15 25.59 [333/882] Compiling by_file.cc
#15 25.66 [334/882] Compiling by_dir.cc
#15 25.68 [335/882] Compiling asn1_gen.cc
#15 25.69 [336/882] Compiling algorithm.cc
#15 25.69 [337/882] Compiling a_verify.cc
#15 25.75 [338/882] Compiling a_sign.cc
#15 25.81 [339/882] Compiling a_digest.cc
#15 25.85 [340/882] Compiling thread_win.cc
#15 25.85 [341/882] Compiling thread_pthread.cc
#15 25.88 [342/882] Compiling thread_none.cc
#15 25.94 [343/882] Compiling thread.cc
#15 25.95 [344/882] Compiling trust_token.cc
#15 25.96 [345/882] Compiling voprf.cc
#15 26.04 [346/882] Compiling slhdsa.cc
#15 26.08 [347/882] Compiling sha512.cc
#15 26.08 [347/882] Compiling sha256.cc
#15 26.08 [349/882] Compiling stack.cc
#15 26.09 [350/882] Compiling siphash.cc
#15 26.13 [351/882] Compiling pmbtoken.cc
#15 26.15 [352/882] Compiling spake2plus.cc
#15 26.18 [353/882] Compiling sha1.cc
#15 26.22 [354/882] Compiling rsa_extra.cc
#15 26.24 [355/882] Compiling rsa_print.cc
#15 26.28 [356/882] Compiling refcount.cc
#15 26.29 [357/882] Compiling rc4.cc
#15 26.31 [358/882] Compiling rsa_asn1.cc
#15 26.32 [359/882] Compiling windows.cc
#15 26.33 [360/882] Compiling rsa_crypt.cc
#15 26.36 [361/882] Compiling trusty.cc
#15 26.38 [362/882] Compiling urandom.cc
#15 26.42 [363/882] Compiling rand.cc
#15 26.44 [364/882] Compiling ios.cc
#15 26.44 [365/882] Compiling passive.cc
#15 26.44 [366/882] Compiling getentropy.cc
#15 26.49 [367/882] Compiling forkunsafe.cc
#15 26.51 [368/882] Compiling poly1305_arm_asm.S
#15 26.53 [369/882] Compiling deterministic.cc
#15 26.56 [370/882] Compiling fork_detect.cc
#15 26.61 [371/882] Compiling poly1305_arm.cc
#15 26.64 [372/882] Compiling poly1305.cc
#15 26.68 [373/882] Compiling pool.cc
#15 26.75 [374/882] Compiling poly1305_vec.cc
#15 26.82 [375/882] Compiling pkcs7.cc
#15 26.87 [376/882] Compiling pkcs8.cc
#15 26.88 [377/882] Compiling p5_pbev2.cc
#15 26.93 [378/882] Compiling pkcs8_x509.cc
#15 26.94 [379/882] Compiling pkcs7_x509.cc
#15 26.97 [380/882] Compiling pem_xaux.cc
#15 27.04 [381/882] Compiling pem_x509.cc
#15 27.08 [382/882] Compiling pem_pkey.cc
#15 27.16 [383/882] Compiling pem_oth.cc
#15 27.17 [384/882] Compiling pem_pk8.cc
#15 27.23 [385/882] Compiling obj_xref.cc
#15 27.26 [386/882] Compiling pem_info.cc
#15 27.28 [387/882] Compiling pem_lib.cc
#15 27.30 [388/882] Compiling mlkem.cc
#15 27.32 [389/882] Compiling pem_all.cc
#15 27.37 [390/882] Compiling obj.cc
#15 27.39 [391/882] Compiling md5.cc
#15 27.40 [392/882] Compiling mem.cc
#15 27.43 [393/882] Compiling fips_shared_support.cc
#15 27.43 [394/882] Compiling poly_rq_mul.S
#15 27.45 [395/882] Compiling md4.cc
#15 27.49 [396/882] Compiling lhash.cc
#15 27.59 [397/882] Compiling ex_data.cc
#15 27.62 [398/882] Compiling sign.cc
#15 27.69 [399/882] Compiling scrypt.cc
#15 27.71 [400/882] Compiling kyber.cc
#15 27.72 [401/882] Compiling hpke.cc
#15 27.79 [402/882] Compiling pbkdf.cc
#15 27.84 [403/882] Compiling print.cc
#15 27.87 [404/882] Compiling p_x25519.cc
#15 27.92 [405/882] Compiling p_x25519_asn1.cc
#15 27.94 [406/882] Compiling p_rsa_asn1.cc
#15 27.96 [407/882] Compiling hrss.cc
#15 28.04 [408/882] Compiling p_rsa.cc
#15 28.05 [409/882] Compiling p_hkdf.cc
#15 28.09 [410/882] Compiling p_ed25519_asn1.cc
#15 28.15 [411/882] Compiling p_ed25519.cc
#15 28.27 [412/882] Compiling p_dh_asn1.cc
#15 28.29 [413/882] Compiling p_dh.cc
#15 28.35 [414/882] Compiling p_ec_asn1.cc
#15 28.40 [415/882] Compiling p_ec.cc
#15 28.47 [416/882] Compiling evp_ctx.cc
#15 28.63 [417/882] Compiling p_dsa_asn1.cc
#15 28.72 [418/882] Compiling err.cc
#15 28.76 [419/882] Compiling evp.cc
#15 28.82 [420/882] Compiling evp_asn1.cc
#15 28.84 [421/882] Compiling engine.cc
#15 28.84 [422/882] Compiling ecdh.cc
#15 29.01 [423/882] Compiling ecdsa_asn1.cc
#15 29.02 [424/882] Compiling ec_derive.cc
#15 29.11 [425/882] Compiling ec_asn1.cc
#15 29.27 [426/882] Compiling hash_to_curve.cc
#15 29.33 [427/882] Compiling dh_asn1.cc
#15 29.35 [428/882] Compiling dsa.cc
#15 29.37 [429/882] Compiling dsa_asn1.cc
#15 29.48 [430/882] Compiling params.cc
#15 29.54 [431/882] Compiling x25519-asm-arm.S
#15 29.58 [432/882] Compiling digest_extra.cc
#15 29.63 [433/882] Compiling spake25519.cc
#15 29.76 [434/882] Compiling crypto.cc
#15 29.79 [435/882] Compiling cpu_intel.cc
#15 29.82 [436/882] Compiling des.cc
#15 29.92 [437/882] Compiling cpu_arm_linux.cc
#15 29.93 [438/882] Compiling cpu_arm_freebsd.cc
#15 30.14 [439/882] Compiling cpu_aarch64_openbsd.cc
#15 30.15 [440/882] Compiling cpu_aarch64_win.cc
#15 30.16 [441/882] Compiling cpu_aarch64_sysreg.cc
#15 30.17 [442/882] Compiling curve25519_64_adx.cc
#15 30.18 [443/882] Compiling cpu_aarch64_linux.cc
#15 30.28 [444/882] Compiling cpu_aarch64_fuchsia.cc
#15 30.32 [445/882] Compiling cpu_aarch64_apple.cc
#15 30.38 [446/882] Compiling get_cipher.cc
#15 30.38 [448/882] Compiling CryptoSwift AEAD.swift
#15 30.45 [448/882] Compiling conf.cc
#15 30.49 [449/882] Compiling e_tls.cc
#15 30.50 [450/882] Compiling tls_cbc.cc
#15 30.57 [451/882] Compiling e_null.cc
#15 30.57 [452/882] Compiling e_rc4.cc
#15 30.62 [453/882] Compiling e_rc2.cc
#15 30.62 [454/882] Compiling curve25519.cc
#15 30.63 [455/882] Compiling e_des.cc
#15 30.72 [456/882] Compiling e_chacha20poly1305.cc
#15 30.73 [457/882] Compiling derive_key.cc
#15 30.75 [458/882] Compiling e_aesctrhmac.cc
#15 30.77 [459/882] Compiling e_aesgcmsiv.cc
#15 30.79 [460/882] Compiling chacha.cc
#15 30.81 [461/882] Compiling unicode.cc
#15 30.93 [462/882] Compiling ber.cc
#15 30.94 [463/882] Compiling asn1_compat.cc
#15 30.94 [464/882] Compiling buf.cc
#15 30.99 [465/882] Compiling bn_asn1.cc
#15 31.03 [466/882] Compiling cbs.cc
#15 31.04 [467/882] Compiling cbb.cc
#15 31.06 [468/882] Compiling convert.cc
#15 31.12 [469/882] Compiling socket.cc
#15 31.14 [470/882] Compiling socket_helper.cc
#15 31.14 [471/882] Compiling printf.cc
#15 31.14 [471/882] Compiling blake2.cc
#15 31.24 [473/882] Compiling pair.cc
#15 31.25 [474/882] Compiling hexdump.cc
#15 31.25 [475/882] Compiling file.cc
#15 31.29 [476/882] Compiling errno.cc
#15 31.33 [477/882] Compiling fd.cc
#15 31.35 [478/882] Compiling connect.cc
#15 31.38 [479/882] Compiling bio_mem.cc
#15 31.48 [480/882] Compiling tasn_typ.cc
#15 31.49 [481/882] Compiling base64.cc
#15 31.51 [482/882] Compiling tasn_utl.cc
#15 31.54 [483/882] Compiling tasn_fre.cc
#15 31.54 [484/882] Compiling bio.cc
#15 31.56 [485/882] Compiling tasn_new.cc
#15 31.62 [486/882] Compiling tasn_enc.cc
#15 31.67 [487/882] Compiling f_string.cc
#15 31.68 [488/882] Compiling posix_time.cc
#15 31.69 [489/882] Compiling asn_pack.cc
#15 31.70 [490/882] Compiling f_int.cc
#15 31.73 [491/882] Compiling asn1_par.cc
#15 31.82 [492/882] Compiling tasn_dec.cc
#15 31.86 [493/882] Compiling asn1_lib.cc
#15 31.88 [494/882] Compiling a_type.cc
#15 31.88 [495/882] Compiling a_utctm.cc
#15 31.92 [496/882] Compiling a_strnid.cc
#15 31.92 [497/882] Compiling a_time.cc
#15 31.97 [498/882] Compiling a_octet.cc
#15 31.99 [499/882] Compiling a_strex.cc
#15 32.07 [500/882] Compiling a_i2d_fp.cc
#15 32.08 [501/882] Compiling a_mbstr.cc
#15 32.10 [502/882] Compiling a_object.cc
#15 32.10 [503/882] Compiling a_gentm.cc
#15 32.14 [504/882] Compiling a_int.cc
#15 32.14 [504/882] Compiling a_dup.cc
#15 32.15 [506/882] Compiling a_d2i_fp.cc
#15 32.19 [507/882] Compiling fiat_p256_adx_mul.S
#15 32.20 [508/882] Compiling fiat_p256_adx_sqr.S
#15 32.24 [509/882] Compiling a_bool.cc
#15 32.24 [510/882] Compiling fiat_curve25519_adx_square.S
#15 32.26 [511/882] Compiling fiat_curve25519_adx_mul.S
#15 32.27 [512/882] Compiling CCryptoBoringSSLShims shims.c
#15 32.27 [513/882] Compiling md5-x86_64-linux.S
#15 32.28 [514/882] Compiling md5-x86_64-apple.S
#15 32.30 [515/882] Compiling md5-586-linux.S
#15 32.31 [516/882] Compiling md5-586-apple.S
#15 32.32 [517/882] Compiling a_bitstr.cc
#15 32.34 [518/882] Compiling chacha20_poly1305_x86_64-linux.S
#15 32.34 [519/882] Compiling chacha20_poly1305_armv8-win.S
#15 32.35 [520/882] Compiling chacha20_poly1305_x86_64-apple.S
#15 32.36 [521/882] Compiling chacha20_poly1305_armv8-linux.S
#15 32.37 [522/882] Compiling chacha20_poly1305_armv8-apple.S
#15 32.38 [523/882] Compiling chacha-x86_64-linux.S
#15 32.39 [524/882] Compiling chacha-x86_64-apple.S
#15 32.39 [525/882] Compiling err_data.cc
#15 32.40 [526/882] Compiling chacha-x86-linux.S
#15 32.40 [527/882] Compiling chacha-x86-apple.S
#15 32.43 [528/882] Compiling chacha-armv8-linux.S
#15 32.43 [528/882] Compiling chacha-armv8-win.S
#15 32.43 [530/882] Compiling chacha-armv8-apple.S
#15 32.44 [531/882] Compiling chacha-armv4-linux.S
#15 32.45 [532/882] Compiling aes128gcmsiv-x86_64-linux.S
#15 32.46 [533/882] Compiling aes128gcmsiv-x86_64-apple.S
#15 32.46 [534/882] Compiling x86_64-mont5-apple.S
#15 32.47 [535/882] Compiling x86_64-mont-linux.S
#15 32.48 [536/882] Compiling x86_64-mont5-linux.S
#15 32.49 [537/882] Compiling x86_64-mont-apple.S
#15 32.49 [538/882] Compiling x86-mont-linux.S
#15 32.50 [539/882] Compiling x86-mont-apple.S
#15 32.52 [540/882] Compiling vpaes-x86_64-linux.S
#15 32.53 [541/882] Compiling vpaes-x86_64-apple.S
#15 32.53 [541/882] Compiling vpaes-x86-apple.S
#15 32.53 [543/882] Compiling vpaes-x86-linux.S
#15 32.54 [544/882] Compiling vpaes-armv8-win.S
#15 32.56 [545/882] Compiling vpaes-armv8-linux.S
#15 32.56 [546/882] Compiling vpaes-armv8-apple.S
#15 32.56 [547/882] Compiling vpaes-armv7-linux.S
#15 32.56 [548/882] Compiling sha512-x86_64-linux.S
#15 32.57 [549/882] Compiling sha512-x86_64-apple.S
#15 32.59 [550/882] Compiling sha512-armv8-linux.S
#15 32.59 [551/882] Compiling sha512-armv8-win.S
#15 32.60 [552/882] Compiling sha512-armv4-linux.S
#15 32.60 [553/882] Compiling sha512-armv8-apple.S
#15 32.62 [554/882] Compiling sha512-586-linux.S
#15 32.62 [554/882] Compiling sha512-586-apple.S
#15 32.63 [556/882] Compiling c-nioatomics.c
#15 32.63 [557/882] Compiling sha256-x86_64-apple.S
#15 32.63 [558/882] Compiling sha256-x86_64-linux.S
#15 32.64 [559/882] Compiling sha256-armv8-win.S
#15 32.65 [560/882] Compiling sha256-armv8-linux.S
#15 32.66 [561/882] Compiling sha256-armv8-apple.S
#15 32.66 [562/882] Compiling sha256-armv4-linux.S
#15 32.66 [562/882] Compiling sha256-586-linux.S
#15 32.67 [564/882] Compiling sha256-586-apple.S
#15 32.68 [565/882] Compiling sha1-x86_64-apple.S
#15 32.68 [566/882] Compiling sha1-x86_64-linux.S
#15 32.69 [567/882] Compiling sha1-armv8-win.S
#15 32.69 [568/882] Compiling sha1-armv8-linux.S
#15 32.70 [569/882] Compiling sha1-armv8-apple.S
#15 32.70 [570/882] Compiling sha1-armv4-large-linux.S
#15 32.71 [571/882] Compiling sha1-586-apple.S
#15 32.73 [572/882] Compiling sha1-586-linux.S
#15 32.73 [573/882] Compiling rsaz-avx2-linux.S
#15 32.73 [574/882] Compiling rdrand-x86_64-apple.S
#15 32.73 [575/882] Compiling rsaz-avx2-apple.S
#15 32.73 [575/882] Compiling c-atomics.c
#15 32.74 [577/882] Compiling rdrand-x86_64-linux.S
#15 32.75 [578/882] Compiling p256_beeu-x86_64-asm-linux.S
#15 32.76 [579/882] Compiling p256_beeu-x86_64-asm-apple.S
#15 32.76 [580/882] Compiling p256_beeu-armv8-asm-win.S
#15 32.76 [581/882] Compiling p256_beeu-armv8-asm-linux.S
#15 32.76 [582/882] Compiling p256_beeu-armv8-asm-apple.S
#15 32.77 [583/882] Compiling p256-x86_64-asm-linux.S
#15 32.79 [584/882] Compiling p256-x86_64-asm-apple.S
#15 32.79 [585/882] Compiling p256-armv8-asm-linux.S
#15 32.79 [585/882] Compiling p256-armv8-asm-win.S
#15 32.79 [587/882] Compiling p256-armv8-asm-apple.S
#15 32.80 [588/882] Compiling ghashv8-armv8-win.S
#15 32.81 [589/882] Compiling ghashv8-armv8-linux.S
#15 32.81 [590/882] Compiling ghashv8-armv8-apple.S
#15 32.83 [591/882] Compiling ghashv8-armv7-linux.S
#15 32.83 [591/882] Compiling ghash-x86_64-apple.S
#15 32.83 [593/882] Compiling ghash-x86_64-linux.S
#15 32.84 [594/882] Compiling ghash-x86-linux.S
#15 32.85 [595/882] Compiling ghash-x86-apple.S
#15 32.85 [596/882] Compiling ghash-ssse3-x86_64-linux.S
#15 32.86 [597/882] Compiling ghash-ssse3-x86_64-apple.S
#15 32.86 [598/882] Compiling ghash-ssse3-x86-apple.S
#15 32.87 [599/882] Compiling ghash-ssse3-x86-linux.S
#15 32.88 [600/882] Compiling ghash-neon-armv8-apple.S
#15 32.88 [601/882] Compiling ghash-neon-armv8-linux.S
#15 32.88 [602/882] Compiling ghash-neon-armv8-win.S
#15 32.89 [603/882] Compiling ghash-armv4-linux.S
#15 32.89 [604/882] Compiling co-586-linux.S
#15 32.90 [605/883] Compiling co-586-apple.S
#15 32.91 [606/883] Compiling bn-armv8-win.S
#15 32.91 [607/883] Compiling bsaes-armv7-linux.S
#15 32.92 [608/883] Compiling bn-armv8-linux.S
#15 32.92 [609/883] Compiling bn-586-linux.S
#15 32.93 [610/883] Compiling bn-armv8-apple.S
#15 32.94 [611/883] Compiling armv8-mont-win.S
#15 32.94 [611/883] Compiling bn-586-apple.S
#15 32.94 [613/883] Compiling armv8-mont-linux.S
#15 32.95 [614/883] Compiling armv8-mont-apple.S
#15 32.95 [615/883] Compiling aesv8-gcm-armv8-win.S
#15 32.96 [616/883] Compiling armv4-mont-linux.S
#15 32.97 [617/883] Compiling aesv8-armv8-win.S
#15 32.97 [618/883] Compiling aesv8-gcm-armv8-linux.S
#15 32.98 [619/883] Compiling aesv8-gcm-armv8-apple.S
#15 32.98 [620/883] Compiling aesv8-armv8-linux.S
#15 32.98 [621/883] Compiling aesv8-armv8-apple.S
#15 32.99 [622/883] Compiling aesv8-armv7-linux.S
#15 33.01 [623/883] Compiling aesni-x86_64-linux.S
#15 33.02 [624/883] Compiling aesni-x86_64-apple.S
#15 33.02 [625/883] Compiling aesni-x86-linux.S
#15 33.02 [626/883] Compiling aesni-x86-apple.S
#15 33.02 [627/883] Compiling aesni-gcm-x86_64-linux.S
#15 33.03 [628/883] Compiling aesni-gcm-x86_64-apple.S
#15 33.05 [629/883] Compiling aes-gcm-avx512-x86_64-apple.S
#15 33.05 [630/883] Compiling aes-gcm-avx2-x86_64-apple.S
#15 33.05 [631/883] Compiling aes-gcm-avx512-x86_64-linux.S
#15 33.06 [632/883] Compiling aes-gcm-avx2-x86_64-linux.S
#15 33.19 [633/883] Compiling xwing.cc
#15 33.35 [634/883] Compiling x_sig.cc
#15 33.35 [635/883] Compiling x_spki.cc
#15 33.39 [636/883] Compiling x_x509a.cc
#15 33.39 [637/883] Compiling x_req.cc
#15 33.47 [638/883] Compiling x_x509.cc
#15 33.64 [639/883] Compiling x_pubkey.cc
#15 33.73 [640/883] Compiling x_exten.cc
#15 33.74 [641/883] Compiling x_attrib.cc
#15 33.75 [642/883] Compiling x_crl.cc
#15 33.85 [643/883] Compiling x_name.cc
#15 33.87 [645/883] Compiling NIOConcurrencyHelpers NIOAtomic.swift
#15 33.96 [645/883] Compiling x_all.cc
#15 34.03 [646/884] Compiling x509spki.cc
#15 34.04 [647/884] Compiling x_algor.cc
#15 34.09 [648/884] Compiling x509rset.cc
#15 34.10 [649/884] Compiling x509name.cc
#15 34.21 [650/884] Compiling x509cset.cc
#15 34.31 [651/884] Compiling x509_vpm.cc
#15 34.36 [652/884] Compiling x509_v3.cc
#15 34.37 [653/884] Compiling x509_txt.cc
#15 34.45 [654/884] Compiling x509_trs.cc
#15 34.54 [655/884] Compiling x509_set.cc
#15 34.57 [656/884] Compiling x509_vfy.cc
#15 34.66 [657/884] Compiling x509_req.cc
#15 34.68 [658/884] Compiling x509_obj.cc
#15 34.77 [659/884] Compiling x509_ext.cc
#15 34.78 [660/884] Compiling x509_lu.cc
#15 34.84 [661/884] Compiling x509_d2.cc
#15 34.84 [662/884] Compiling x509_def.cc
#15 34.99 [663/884] Compiling x509_att.cc
#15 35.00 [664/884] Compiling x509_cmp.cc
#15 35.05 [665/884] Compiling x509.cc
#15 35.15 [666/884] Compiling v3_skey.cc
#15 35.19 [667/884] Compiling v3_purp.cc
#15 35.28 [668/884] Compiling v3_utl.cc
#15 35.29 [669/884] Compiling v3_prn.cc
#15 35.33 [670/884] Compiling v3_pmaps.cc
#15 35.39 [671/884] Compiling v3_pcons.cc
#15 35.46 [672/884] Compiling v3_ocsp.cc
#15 35.56 [673/884] Compiling v3_ncons.cc
#15 35.58 [674/884] Compiling v3_int.cc
#15 35.61 [675/884] Compiling v3_lib.cc
#15 35.67 [676/884] Compiling v3_info.cc
#15 35.69 [677/884] Compiling v3_ia5.cc
#15 35.78 [678/884] Compiling v3_genn.cc
#15 35.88 [679/884] Compiling v3_enum.cc
#15 35.88 [680/884] Compiling v3_extku.cc
#15 35.98 [681/884] Compiling v3_crld.cc
#15 36.09 [682/884] Compiling v3_cpols.cc
#15 36.17 [683/884] Compiling v3_conf.cc
#15 36.26 [684/884] Compiling v3_bcons.cc
#15 36.28 [685/884] Compiling v3_bitst.cc
#15 36.40 [686/884] Compiling v3_akeya.cc
#15 36.44 [687/884] Compiling v3_alt.cc
#15 36.51 [688/884] Compiling t_x509a.cc
#15 36.63 [689/884] Compiling v3_akey.cc
#15 36.65 [690/884] Compiling t_x509.cc
#15 36.65 [691/884] Compiling t_req.cc
#15 36.70 [692/884] Compiling t_crl.cc
#15 36.73 [694/884] Compiling ConsoleKitTerminal ActivityBar.swift
#15 36.82 [694/884] Compiling rsa_pss.cc
#15 36.83 [695/884] Compiling i2d_pr.cc
#15 36.92 [696/885] Compiling policy.cc
#15 36.94 [697/885] Compiling name_print.cc
#15 36.97 [698/885] Compiling by_file.cc
#15 37.07 [699/885] Compiling by_dir.cc
#15 37.14 [700/885] Compiling algorithm.cc
#15 37.19 [701/885] Compiling asn1_gen.cc
#15 37.23 [702/885] Compiling a_verify.cc
#15 37.26 [703/885] Compiling a_digest.cc
#15 37.27 [704/885] Compiling a_sign.cc
#15 37.37 [705/885] Compiling thread_win.cc
#15 37.41 [706/885] Compiling thread_pthread.cc
#15 37.42 [707/885] Compiling thread_none.cc
#15 37.46 [708/885] Compiling voprf.cc
#15 37.47 [709/885] Compiling trust_token.cc
#15 37.49 [710/885] Compiling thread.cc
#15 37.63 [711/885] Compiling stack.cc
#15 37.63 [712/885] Compiling sha512.cc
#15 37.64 [712/885] Compiling pmbtoken.cc
#15 37.64 [714/885] Compiling slhdsa.cc
#15 37.65 [715/885] Compiling siphash.cc
#15 37.69 [716/885] Compiling spake2plus.cc
#15 37.76 [717/885] Compiling sha1.cc
#15 37.76 [718/885] Compiling sha256.cc
#15 37.78 [719/885] Compiling rsa_extra.cc
#15 37.78 [720/885] Compiling rsa_print.cc
#15 37.89 [721/885] Compiling rc4.cc
#15 37.91 [722/885] Compiling rsa_crypt.cc
#15 37.92 [723/885] Compiling refcount.cc
#15 37.95 [724/885] Compiling windows.cc
#15 37.98 [725/885] Compiling urandom.cc
#15 38.03 [726/885] Compiling trusty.cc
#15 38.04 [727/885] Compiling rsa_asn1.cc
#15 38.08 [728/885] Compiling rand.cc
#15 38.09 [729/885] Compiling ios.cc
#15 38.10 [730/885] Compiling getentropy.cc
#15 38.13 [731/885] Compiling passive.cc
#15 38.16 [732/885] Compiling poly1305_arm_asm.S
#15 38.18 [733/885] Compiling forkunsafe.cc
#15 38.21 [734/885] Compiling deterministic.cc
#15 38.21 [734/885] Compiling fork_detect.cc
#15 38.29 [736/885] Compiling poly1305_arm.cc
#15 38.30 [737/885] Compiling pool.cc
#15 38.32 [738/885] Compiling poly1305.cc
#15 38.35 [739/885] Compiling poly1305_vec.cc
#15 38.52 [740/885] Compiling pkcs7.cc
#15 38.59 [741/885] Compiling pkcs8.cc
#15 38.60 [742/885] Compiling p5_pbev2.cc
#15 38.65 [743/885] Compiling pem_xaux.cc
#15 38.67 [744/885] Compiling pkcs7_x509.cc
#15 38.68 [745/885] Compiling pkcs8_x509.cc
#15 38.83 [746/885] Compiling pem_x509.cc
#15 38.88 [747/885] Compiling pem_pkey.cc
#15 38.91 [748/885] Compiling pem_pk8.cc
#15 38.97 [749/885] Compiling pem_oth.cc
#15 38.99 [750/885] Compiling pem_info.cc
#15 39.06 [751/885] Compiling obj_xref.cc
#15 39.06 [752/885] Compiling pem_lib.cc
#15 39.10 [753/885] Compiling mlkem.cc
#15 39.13 [754/885] Compiling bcm.cc
#15 39.15 [755/885] Compiling mldsa.cc
#15 39.17 [756/885] Compiling pem_all.cc
#15 39.26 [757/885] Compiling obj.cc
#15 39.26 [758/885] Compiling md5.cc
#15 39.28 [759/885] Compiling mem.cc
#15 39.32 [760/885] Compiling lhash.cc
#15 39.32 [761/885] Compiling poly_rq_mul.S
#15 39.33 [762/885] Compiling md4.cc
#15 39.33 [763/885] Compiling fips_shared_support.cc
#15 39.43 [764/885] Compiling fuzzer_mode.cc
#15 39.48 [765/885] Compiling ex_data.cc
#15 39.54 [766/885] Compiling sign.cc
#15 39.60 [767/885] Compiling kyber.cc
#15 39.60 [767/885] Compiling hpke.cc
#15 39.64 [769/885] Compiling scrypt.cc
#15 39.70 [770/885] Compiling print.cc
#15 39.70 [771/885] Compiling pbkdf.cc
#15 39.85 [772/885] Compiling p_x25519_asn1.cc
#15 39.86 [773/885] Compiling p_x25519.cc
#15 39.86 [773/885] Compiling hrss.cc
#15 39.88 [775/885] Compiling p_rsa_asn1.cc
#15 39.91 [776/885] Compiling p_hkdf.cc
#15 40.04 [777/885] Compiling p_ed25519.cc
#15 40.04 [777/885] Compiling p_rsa.cc
#15 40.07 [779/885] Compiling p_ed25519_asn1.cc
#15 40.10 [780/885] Compiling p_ec.cc
#15 40.18 [781/885] Compiling p_ec_asn1.cc
#15 40.19 [782/885] Compiling p_dsa_asn1.cc
#15 40.29 [783/885] Compiling p_dh_asn1.cc
#15 40.30 [784/885] Compiling p_dh.cc
#15 40.41 [785/885] Compiling evp.cc
#15 40.43 [786/885] Compiling evp_ctx.cc
#15 40.46 [787/885] Compiling err.cc
#15 40.47 [788/885] Compiling evp_asn1.cc
#15 40.47 [789/885] Compiling engine.cc
#15 40.47 [789/885] Compiling ecdsa_p1363.cc
#15 40.67 [791/885] Compiling ecdh.cc
#15 40.79 [792/885] Compiling ecdsa_asn1.cc
#15 40.90 [793/885] Compiling dsa_asn1.cc
#15 40.94 [794/885] Compiling ec_derive.cc
#15 41.12 [795/885] Compiling hash_to_curve.cc
#15 41.13 [796/885] Compiling dsa.cc
#15 41.16 [797/885] Compiling ec_asn1.cc
#15 41.20 [798/885] Compiling params.cc
#15 41.28 [799/885] Compiling digest_extra.cc
#15 41.28 [800/885] Compiling dh_asn1.cc
#15 41.32 [801/885] Compiling x25519-asm-arm.S
#15 41.43 [802/885] Compiling spake25519.cc
#15 41.44 [803/885] Compiling crypto.cc
#15 41.47 [804/885] Compiling cpu_intel.cc
#15 41.49 [805/885] Compiling des.cc
#15 41.56 [806/885] Compiling cpu_arm_linux.cc
#15 41.57 [807/885] Compiling cpu_arm_freebsd.cc
#15 41.62 [808/885] Compiling cpu_aarch64_win.cc
#15 41.64 [809/885] Compiling curve25519_64_adx.cc
#15 41.64 [810/885] Compiling cpu_aarch64_sysreg.cc
#15 41.69 [811/885] Compiling cpu_aarch64_openbsd.cc
#15 41.71 [812/885] Compiling cpu_aarch64_linux.cc
#15 41.77 [813/885] Compiling cpu_aarch64_fuchsia.cc
#15 41.79 [814/885] Compiling cpu_aarch64_apple.cc
#15 41.89 [815/885] Compiling curve25519.cc
#15 41.90 [816/885] Compiling conf.cc
#15 41.94 [817/885] Compiling tls_cbc.cc
#15 41.95 [818/885] Compiling get_cipher.cc
#15 42.00 [819/885] Compiling e_tls.cc
#15 42.01 [820/885] Compiling cms.cc
#15 42.05 [821/885] Compiling e_rc4.cc
#15 42.08 [822/885] Compiling e_null.cc
#15 42.12 [823/885] Compiling e_des.cc
#15 42.14 [824/885] Compiling e_rc2.cc
#15 42.18 [826/885] Compiling ConsoleKitCommands AnyAsyncCommand.swift
#15 42.20 [826/885] Compiling e_aeseax.cc
#15 42.22 [827/885] Compiling derive_key.cc
#15 42.23 [827/885] Compiling e_aesctrhmac.cc
#15 42.24 [829/885] Compiling e_chacha20poly1305.cc
#15 42.33 [830/885] Compiling chacha.cc
#15 42.34 [831/886] Compiling unicode.cc
#15 42.41 [832/886] Compiling ber.cc
#15 42.41 [834/886] Compiling ConsoleKit Exports.swift
#15 42.44 [834/886] Compiling asn1_compat.cc
#15 42.47 [835/886] Compiling sqrt.cc
#15 42.48 [836/886] Compiling buf.cc
#15 42.51 [837/886] Compiling cbb.cc
#15 42.55 [838/886] Compiling cbs.cc
#15 42.57 [839/886] Compiling div.cc
#15 42.59 [840/886] Compiling exponentiation.cc
#15 42.63 [841/886] Compiling bn_asn1.cc
#15 42.65 [842/886] Compiling printf.cc
#15 42.74 [843/886] Compiling convert.cc
#15 42.75 [844/886] Compiling pair.cc
#15 42.75 [845/886] Compiling blake2.cc
#15 42.76 [846/886] Compiling hexdump.cc
#15 42.77 [847/886] Compiling file.cc
#15 42.80 [848/886] Compiling errno.cc
#15 42.81 [849/886] Compiling fd.cc
#15 42.93 [850/886] Compiling bio_mem.cc
#15 42.95 [851/886] Compiling tasn_typ.cc
#15 42.97 [852/886] Compiling tasn_fre.cc
#15 42.99 [853/886] Compiling base64.cc
#15 42.99 [854/886] Compiling bio.cc
#15 43.01 [855/886] Compiling tasn_utl.cc
#15 43.03 [856/886] Compiling tasn_new.cc
#15 43.15 [857/886] Compiling asn_pack.cc
#15 43.16 [858/886] Compiling posix_time.cc
#15 43.16 [859/886] Compiling f_string.cc
#15 43.17 [860/886] Compiling f_int.cc
#15 43.17 [860/886] Compiling asn1_par.cc
#15 43.17 [862/886] Compiling tasn_enc.cc
#15 43.23 [863/886] Compiling tasn_dec.cc
#15 43.35 [864/886] Compiling a_utctm.cc
#15 43.37 [865/886] Compiling a_octet.cc
#15 43.38 [866/886] Compiling a_time.cc
#15 43.39 [867/886] Compiling asn1_lib.cc
#15 43.41 [868/886] Compiling a_type.cc
#15 43.45 [869/886] Compiling a_strex.cc
#15 43.45 [870/886] Compiling a_strnid.cc
#15 43.45 [871/886] Write sources
#15 43.56 [878/886] Compiling a_mbstr.cc
#15 43.59 [879/886] Compiling a_gentm.cc
#15 43.61 [880/888] Compiling a_i2d_fp.cc
#15 43.62 [881/888] Compiling a_object.cc
#15 43.72 [882/890] Compiling a_int.cc
#15 46.12 [884/890] Compiling Atomics OptionalRawRepresentable.swift
#15 46.43 [885/891] Compiling BitCollections BitArray+BitwiseOperations.swift
#15 46.85 [886/893] Compiling Collections Collections.swift
#15 47.95 [887/893] Compiling Algorithms AdjacentPairs.swift
#15 49.55 [888/893] Compiling AsyncAlgorithms AsyncAdjacentPairsSequence.swift
#15 51.19 [889/894] Compiling _ConnectionPoolModule ConnectionIDGenerator.swift
#15 51.76 [890/894] Compiling ServiceLifecycle AsyncCancelOnGracefulShutdownSequence.swift
#15 53.15 [890/894] Compiling bcm.cc
#15 54.51 [892/895] Compiling CryptoBoringWrapper BoringSSLAEAD.swift
#15 58.41 [893/896] Compiling NIOCore AddressedEnvelope.swift
#15 61.38 [894/899] Compiling NIOEmbedded AsyncTestingChannel.swift
#15 61.98 [895/899] Compiling Crypto AES-GCM.swift
#15 64.32 [896/900] Compiling SQLKit SQLAlterEnumBuilder.swift
#15 69.97 [897/900] Compiling NIOPosix BSDSocketAPICommon.swift
#15 70.18 [898/903] Compiling NIO Exports.swift
#15 71.42 [899/908] Compiling NIOFoundationCompat ByteBuffer-foundation.swift
#15 71.63 [900/908] Compiling NIOTLS ApplicationProtocolNegotiationHandler.swift
#15 71.89 [901/910] Compiling NIOSOCKS SOCKSClientHandler.swift
#15 72.40 [902/910] Compiling NIOTransportServices AcceptHandler.swift
#15 76.92 [903/910] Compiling _CryptoExtras AES_CBC.swift
#15 77.34 [904/911] Compiling NIOHTTP1 ByteCollectionUtils.swift
#15 79.37 [905/914] Compiling _NIOFileSystem Array+FileSystem.swift
#15 80.16 [906/915] Compiling NIOSSL AndroidCABundle.swift
#15 80.37 [907/915] Compiling NIOHTTPCompression HTTPCompression.swift
#15 80.46 [908/915] Compiling NIOWebSocket NIOWebSocketClientUpgrader.swift
#15 80.85 [909/918] Compiling _NIOFileSystemFoundationCompat Data+FileSystem.swift
#15 80.89 [910/918] Compiling NIOFileSystem Exports.swift
#15 82.50 [911/919] Compiling NIOHPACK DynamicHeaderTable.swift
#15 83.02 [912/920] Compiling AsyncKit ConnectionPoolError.swift
#15 83.12 [913/920] Compiling FluentKit AsyncMigration.swift
#15 84.25 [914/921] Compiling NIOExtras DebugInboundEventsHandler.swift
#15 84.92 [915/922] Compiling MultipartKit BasicCodingKey.swift
#15 85.32 [916/922] Compiling FluentSQL ConverterUtilities.swift
#15 86.11 [917/922] Compiling WebSocketKit WebSocket+Concurrency.swift
#15 95.33 [918/922] Compiling NIOHTTP2 ConnectionStateMachine.swift
#15 99.06 [919/923] Compiling X509 CSRAttribute.swift
#15 99.19 [920/923] Compiling PostgresNIO PostgresConnection+Configuration.swift
#15 101.8 [921/924] Compiling PostgresKit ConnectionPool+Postgres.swift
#15 102.9 [922/925] Compiling FluentPostgresDriver DatabaseID+PostgreSQL.swift
#15 108.0 [923/925] Compiling AsyncHTTPClient AnyAsyncSequence.swift
#15 131.9 [924/926] Compiling Vapor Application.swift
#15 133.5 [925/927] Compiling Fluent FluentProvider+Concurrency.swift
#15 148.3 [926/928] Compiling App AdminController.swift
#15 148.3 [926/928] Write Objects.LinkFileList
#15 151.2 /usr/lib/swift_static/linux/libFoundationEssentials.a(Data+Writing.swift.o):_ThreadLocal.swift.o:function $s20FoundationEssentials19createTemporaryFile33_FC9EC52B075D2ACCFF86F1C9F84293BELL2at6inPath6prefix7optionss5Int32V_SStSS_AA0Q5OrURLOSSAA4DataV14WritingOptionsVtKFTf4nnnd_n:(.text+0x2122): warning: the use of `mktemp' is dangerous, better use `mkstemp' or `mkdtemp'
#15 151.2 /usr/lib/swift_static/linux/libFoundationEssentials.a(Data+Writing.swift.o):_ThreadLocal.swift.o:function $s20FoundationEssentials19createTemporaryFile33_FC9EC52B075D2ACCFF86F1C9F84293BELL2at6inPath6prefix7optionss5Int32V_SStSS_AA0Q5OrURLOSSAA4DataV14WritingOptionsVtKFTf4nnnd_n:(.text+0x21b8): warning: the use of `mktemp' is dangerous, better use `mkstemp' or `mkdtemp'
#15 151.2 /usr/lib/swift_static/linux/libFoundationEssentials.a(Data+Writing.swift.o):_ThreadLocal.swift.o:function $s20FoundationEssentials19createTemporaryFile33_FC9EC52B075D2ACCFF86F1C9F84293BELL2at6inPath6prefix7optionss5Int32V_SStSS_AA0Q5OrURLOSSAA4DataV14WritingOptionsVtKFTf4nnnd_n:(.text+0x21f5): warning: the use of `mktemp' is dangerous, better use `mkstemp' or `mkdtemp'
#15 151.2 /usr/lib/swift_static/linux/libFoundationEssentials.a(Data+Writing.swift.o):_ThreadLocal.swift.o:function $s20FoundationEssentials19createTemporaryFile33_FC9EC52B075D2ACCFF86F1C9F84293BELL2at6inPath6prefix7optionss5Int32V_SStSS_AA0Q5OrURLOSSAA4DataV14WritingOptionsVtKFTf4nnnd_n:(.text+0x2286): warning: the use of `mktemp' is dangerous, better use `mkstemp' or `mkdtemp'
#15 151.2 /usr/lib/swift_static/linux/libFoundationEssentials.a(Data+Writing.swift.o):_ThreadLocal.swift.o:function $s20FoundationEssentials19createTemporaryFile33_FC9EC52B075D2ACCFF86F1C9F84293BELL2at6inPath6prefix7optionss5Int32V_SStSS_AA0Q5OrURLOSSAA4DataV14WritingOptionsVtKFTf4nnnd_n:(.text+0x22f1): warning: the use of `mktemp' is dangerous, better use `mkstemp' or `mkdtemp'
#15 151.2 [927/928] Linking App
#15 151.2 Build complete! (150.10s)
#15 DONE 151.6s

#16 [runtime 2/5] RUN apt-get update     && DEBIAN_FRONTEND=noninteractive apt-get install -y --no-install-recommends         libcurl4         ca-certificates     && rm -rf /var/lib/apt/lists/*
#16 CACHED

#17 [runtime 3/5] RUN useradd --create-home --shell /bin/bash vapor
#17 CACHED

#18 [runtime 4/5] WORKDIR /home/vapor
#18 CACHED

#19 [runtime 5/5] COPY --from=build --chown=vapor:vapor /app/.build/release/App /usr/local/bin/vapor-api
#19 DONE 0.5s

#20 exporting to image
#20 exporting layers
#20 exporting layers 4.6s done
#20 exporting manifest sha256:ded0a376aaeba5d68680c7a3fabfea8f60f375b3aa1dc15f4da4032024a9a09e done
#20 exporting config sha256:c75f33fac0627f42e4827f41689501976eecef84d38d33ec41ae94f2afa60b87 done
#20 exporting attestation manifest sha256:7414c1e06ac29c358cf0c68a984e7d222d176ccc50e37bd10ecf639d47607190 done
#20 exporting manifest list sha256:2758db824abb16b35f6fa9b2222bcd8fb0c02ca7d762ae36b32f28b927e2707f done
#20 naming to docker.io/library/vapor-api:latest done
#20 unpacking to docker.io/library/vapor-api:latest
#20 unpacking to docker.io/library/vapor-api:latest 0.6s done
#20 DONE 5.2s
